[   41097ms] [ERROR] ./src/app/(shared)/login/page.tsx:3:1
Module not found: Can't resolve './LoginForm'
  1 | import { headers } from 'next/headers'
  2 | import { Suspense } from 'react'
> 3 | import { LoginForm } from './LoginForm'
    | ^^^^^^^^^^^^^^^^^^^^^^^^^^^^^^^^^^^^^^^
  4 |
  5 | export default async function LoginPage() {
  6 |   const hdrs = await headers()

https://nextjs.org/docs/messages/module-not-found @ http://localhost:3000/_next/static/chunks/node_modules_next_dist_f3530cac._.js:3127
[   41164ms] [ERROR] ./src/app/(shared)/login/page.tsx:3:1
Module not found: Can't resolve './LoginForm'
  1 | import { headers } from 'next/headers'
  2 | import { Suspense } from 'react'
> 3 | import { LoginForm } from './LoginForm'
    | ^^^^^^^^^^^^^^^^^^^^^^^^^^^^^^^^^^^^^^^
  4 |
  5 | export default async function LoginPage() {
  6 |   const hdrs = await headers()

https://nextjs.org/docs/messages/module-not-found @ http://localhost:3000/_next/static/chunks/node_modules_next_dist_f3530cac._.js:3127
