[ 1114823ms] Error: Switched to client rendering because the server rendering errored:

Module [project]/src/app/(shared)/login/LoginForm.tsx [app-ssr] (ecmascript) was instantiated because it was required from module [project]/node_modules/next/dist/esm/build/templates/app-page.js?page=/(sona)/explore/page { GLOBAL_ERROR_MODULE => "[project]/node_modules/next/dist/client/components/builtin/global-error.js [app-rsc] (ecmascript, Next.js Server Component)", METADATA_0 => "[project]/src/app/favicon.ico.mjs { IMAGE => \"[project]/src/app/favicon.ico (static in ecmascript, tag client)\" } [app-rsc] (structured image object, ecmascript, Next.js Server Component)", MODULE_1 => "[project]/src/app/layout.tsx [app-rsc] (ecmascript, Next.js Server Component)", MODULE_2 => "[project]/node_modules/next/dist/client/components/builtin/not-found.js [app-rsc] (ecmascript, Next.js Server Component)", MODULE_3 => "[project]/node_modules/next/dist/client/components/builtin/forbidden.js [app-rsc] (ecmascript, Next.js Server Component)", MODULE_4 => "[project]/node_modules/next/dist/client/components/builtin/unauthorized.js [app-rsc] (ecmascript, Next.js Server Component)", MODULE_5 => "[project]/node_modules/next/dist/client/components/builtin/global-error.js [app-rsc] (ecmascript, Next.js Server Component)", MODULE_6 => "[project]/src/app/(sona)/layout.tsx [app-rsc] (ecmascript, Next.js Server Component)", MODULE_7 => "[project]/node_modules/next/dist/client/components/builtin/not-found.js [app-rsc] (ecmascript, Next.js Server Component)", MODULE_8 => "[project]/node_modules/next/dist/client/components/builtin/forbidden.js [app-rsc] (ecmascript, Next.js Server Component)", MODULE_9 => "[project]/node_modules/next/dist/client/components/builtin/unauthorized.js [app-rsc] (ecmascript, Next.js Server Component)", MODULE_10 => "[project]/src/app/(sona)/explore/page.tsx [app-rsc] (ecmascript, Next.js Server Component)" } [app-rsc] (ecmascript) <locals>, but the module factory is not available.
    at instantiateModule (/Users/julian/Documents/sona/.next/dev/server/chunks/ssr/[turbopack]_runtime.js:732:15)
    at getOrInstantiateModuleFromParent (/Users/julian/Documents/sona/.next/dev/server/chunks/ssr/[turbopack]_runtime.js:763:12)
    at Context.commonJsRequire [as r] (/Users/julian/Documents/sona/.next/dev/server/chunks/ssr/[turbopack]_runtime.js:249:12)
    at Object.require (/Users/julian/Documents/sona/node_modules/next/dist/compiled/next-server/app-page-turbo.runtime.dev.js:41:35380)
    at globalThis.__next_require__ (/Users/julian/Documents/sona/node_modules/next/dist/compiled/next-server/app-page-turbo.runtime.dev.js:41:36179)
    at requireModule (/Users/julian/Documents/sona/node_modules/next/dist/compiled/next-server/app-page-turbo.runtime.dev.js:2:337234)
    at initializeModuleChunk (/Users/julian/Documents/sona/node_modules/next/dist/compiled/next-server/app-page-turbo.runtime.dev.js:2:377233)
    at readChunk (/Users/julian/Documents/sona/node_modules/next/dist/compiled/next-server/app-page-turbo.runtime.dev.js:2:369473)
    at getComponentNameFromType (/Users/julian/Documents/sona/node_modules/next/dist/compiled/next-server/app-page-turbo.runtime.dev.js:2:78389)
    at retryNode (/Users/julian/Documents/sona/node_modules/next/dist/compiled/next-server/app-page-turbo.runtime.dev.js:2:200829)
    at renderNodeDestructive (/Users/julian/Documents/sona/node_modules/next/dist/compiled/next-server/app-page-turbo.runtime.dev.js:2:200452)
    at renderNode (/Users/julian/Documents/sona/node_modules/next/dist/compiled/next-server/app-page-turbo.runtime.dev.js:2:212370)
    at renderElement (/Users/julian/Documents/sona/node_modules/next/dist/compiled/next-server/app-page-turbo.runtime.dev.js:2:189428)
    at retryNode (/Users/julian/Documents/sona/node_modules/next/dist/compiled/next-server/app-page-turbo.runtime.dev.js:2:201217)
    at renderNodeDestructive (/Users/julian/Documents/sona/node_modules/next/dist/compiled/next-server/app-page-turbo.runtime.dev.js:2:200452)
    at retryNode (/Users/julian/Documents/sona/node_modules/next/dist/compiled/next-server/app-page-turbo.runtime.dev.js:2:201602)
    at performWork (/Users/julian/Documents/sona/node_modules/next/dist/compiled/next-server/app-page-turbo.runtime.dev.js:2:223124)
    at Immediate._onImmediate (/Users/julian/Documents/sona/node_modules/next/dist/compiled/next-server/app-page-turbo.runtime.dev.js:2:102565)
    at process.processImmediate (node:internal/timers:504:21)
    at process.callbackTrampoline (node:internal/async_hooks:130:17)
