[     385ms] [WARNING] Image with src "http://localhost:3000/brand_assets/sona/Sona%20brand%20on%20white%20bg%201.svg" has either width or height modified, but not the other. If you use CSS to change the size of your image, also include the styles 'width: "auto"' or 'height: "auto"' to maintain the aspect ratio. @ http://localhost:3000/_next/static/chunks/node_modules_next_dist_f3530cac._.js:2297
[ 1610367ms] [ERROR] Failed to load resource: the server responded with a status of 404 (Not Found) @ http://localhost:3000/icon.svg?icon.0b0df204.svg:0
[ 1892183ms] [ERROR] ./src/middleware.ts:54:35
Parsing ecmascript source code failed
  52 |     )
  53 |
> 54 |     const { data: { session } } = await supabase.auth.getSession()
     |                                   ^^^^^
  55 |     if (!session) {
  56 |       const url = request.nextUrl.clone()
  57 |       url.pathname = '/login'

await isn't allowed in non-async function @ http://localhost:3000/_next/static/chunks/node_modules_next_dist_f3530cac._.js:3127
[ 1892482ms] [ERROR] ./src/middleware.ts:54:35
Parsing ecmascript source code failed
  52 |     )
  53 |
> 54 |     const { data: { session } } = await supabase.auth.getSession()
     |                                   ^^^^^
  55 |     if (!session) {
  56 |       const url = request.nextUrl.clone()
  57 |       url.pathname = '/login'

await isn't allowed in non-async function @ http://localhost:3000/_next/static/chunks/node_modules_next_dist_f3530cac._.js:3127
[ 1893356ms] [ERROR] ./src/middleware.ts:54:35
Parsing ecmascript source code failed
  52 |     )
  53 |
> 54 |     const { data: { session } } = await supabase.auth.getSession()
     |                                   ^^^^^
  55 |     if (!session) {
  56 |       const url = request.nextUrl.clone()
  57 |       url.pathname = '/login'

await isn't allowed in non-async function @ http://localhost:3000/_next/static/chunks/node_modules_next_dist_f3530cac._.js:3127
[ 1893742ms] [ERROR] ./src/middleware.ts:54:35
Parsing ecmascript source code failed
  52 |     )
  53 |
> 54 |     const { data: { session } } = await supabase.auth.getSession()
     |                                   ^^^^^
  55 |     if (!session) {
  56 |       const url = request.nextUrl.clone()
  57 |       url.pathname = '/login'

await isn't allowed in non-async function @ http://localhost:3000/_next/static/chunks/node_modules_next_dist_f3530cac._.js:3127
[ 1894276ms] [ERROR] ./src/middleware.ts:54:35
Parsing ecmascript source code failed
  52 |     )
  53 |
> 54 |     const { data: { session } } = await supabase.auth.getSession()
     |                                   ^^^^^
  55 |     if (!session) {
  56 |       const url = request.nextUrl.clone()
  57 |       url.pathname = '/login'

await isn't allowed in non-async function @ http://localhost:3000/_next/static/chunks/node_modules_next_dist_f3530cac._.js:3127
[ 1894323ms] [ERROR] Failed to load resource: the server responded with a status of 500 (Internal Server Error) @ http://localhost:3000/signup?_rsc=57uq4:0
[ 1894460ms] [ERROR] Failed to load resource: the server responded with a status of 500 (Internal Server Error) @ http://localhost:3000/signup?_rsc=57uq4:0
[ 1894505ms] [ERROR] ./src/middleware.ts:54:35
Parsing ecmascript source code failed
  52 |     )
  53 |
> 54 |     const { data: { session } } = await supabase.auth.getSession()
     |                                   ^^^^^
  55 |     if (!session) {
  56 |       const url = request.nextUrl.clone()
  57 |       url.pathname = '/login'

await isn't allowed in non-async function @ http://localhost:3000/_next/static/chunks/node_modules_next_dist_f3530cac._.js:3127
[ 1894507ms] [ERROR] ./src/middleware.ts:54:35
Parsing ecmascript source code failed
  52 |     )
  53 |
> 54 |     const { data: { session } } = await supabase.auth.getSession()
     |                                   ^^^^^
  55 |     if (!session) {
  56 |       const url = request.nextUrl.clone()
  57 |       url.pathname = '/login'

await isn't allowed in non-async function @ http://localhost:3000/_next/static/chunks/node_modules_next_dist_f3530cac._.js:3127
[ 1894591ms] [ERROR] ./src/middleware.ts:54:35
Parsing ecmascript source code failed
  52 |     )
  53 |
> 54 |     const { data: { session } } = await supabase.auth.getSession()
     |                                   ^^^^^
  55 |     if (!session) {
  56 |       const url = request.nextUrl.clone()
  57 |       url.pathname = '/login'

await isn't allowed in non-async function @ http://localhost:3000/_next/static/chunks/node_modules_next_dist_f3530cac._.js:3127
[ 1894708ms] [ERROR] Failed to load resource: the server responded with a status of 500 (Internal Server Error) @ http://localhost:3000/signup:0
[ 1895483ms] Error: ./src/middleware.ts:54:35
Parsing ecmascript source code failed
  52 |     )
  53 |
> 54 |     const { data: { session } } = await supabase.auth.getSession()
     |                                   ^^^^^
  55 |     if (!session) {
  56 |       const url = request.nextUrl.clone()
  57 |       url.pathname = '/login'

await isn't allowed in non-async function


    at <unknown> (Error: ./src/middleware.ts:54:35)
    at Object.getCompilationErrors (file:///Users/julian/Documents/sona/node_modules/next/dist/server/dev/hot-reloader-turbopack.js:997:55)
    at DevBundlerService.getCompilationError (file:///Users/julian/Documents/sona/node_modules/next/dist/server/lib/dev-bundler-service.js:44:55)
    at DevServer.getCompilationError (file:///Users/julian/Documents/sona/node_modules/next/dist/server/dev/next-dev-server.js:706:42)
    at DevServer.findPageComponents (file:///Users/julian/Documents/sona/node_modules/next/dist/server/dev/next-dev-server.js:676:43)
    at async DevServer.renderErrorToResponseImpl (file:///Users/julian/Documents/sona/node_modules/next/dist/server/base-server.js:1733:26)
[ 1895526ms] [ERROR] Failed to load resource: the server responded with a status of 500 (Internal Server Error) @ http://localhost:3000/favicon.ico:0
[ 1895602ms] [ERROR] ./src/middleware.ts:54:35
Parsing ecmascript source code failed
  52 |     )
  53 |
> 54 |     const { data: { session } } = await supabase.auth.getSession()
     |                                   ^^^^^
  55 |     if (!session) {
  56 |       const url = request.nextUrl.clone()
  57 |       url.pathname = '/login'

await isn't allowed in non-async function @ http://localhost:3000/_next/static/chunks/node_modules_next_dist_b3fb3b5f._.js:1920
[ 1895619ms] [ERROR] ./src/middleware.ts:54:35
Parsing ecmascript source code failed
  52 |     )
  53 |
> 54 |     const { data: { session } } = await supabase.auth.getSession()
     |                                   ^^^^^
  55 |     if (!session) {
  56 |       const url = request.nextUrl.clone()
  57 |       url.pathname = '/login'

await isn't allowed in non-async function @ http://localhost:3000/_next/static/chunks/node_modules_next_dist_b3fb3b5f._.js:1920
[ 1895631ms] [ERROR] ./src/middleware.ts:54:35
Parsing ecmascript source code failed
  52 |     )
  53 |
> 54 |     const { data: { session } } = await supabase.auth.getSession()
     |                                   ^^^^^
  55 |     if (!session) {
  56 |       const url = request.nextUrl.clone()
  57 |       url.pathname = '/login'

await isn't allowed in non-async function @ http://localhost:3000/_next/static/chunks/node_modules_next_dist_b3fb3b5f._.js:1920
[ 1895731ms] [ERROR] ./src/middleware.ts:54:35
Parsing ecmascript source code failed
  52 |     )
  53 |
> 54 |     const { data: { session } } = await supabase.auth.getSession()
     |                                   ^^^^^
  55 |     if (!session) {
  56 |       const url = request.nextUrl.clone()
  57 |       url.pathname = '/login'

await isn't allowed in non-async function @ http://localhost:3000/_next/static/chunks/node_modules_next_dist_b3fb3b5f._.js:1920
[ 1895880ms] [ERROR] ./src/middleware.ts:54:35
Parsing ecmascript source code failed
  52 |     )
  53 |
> 54 |     const { data: { session } } = await supabase.auth.getSession()
     |                                   ^^^^^
  55 |     if (!session) {
  56 |       const url = request.nextUrl.clone()
  57 |       url.pathname = '/login'

await isn't allowed in non-async function @ http://localhost:3000/_next/static/chunks/node_modules_next_dist_b3fb3b5f._.js:1920
[ 1895947ms] [ERROR] ./src/middleware.ts:54:35
Parsing ecmascript source code failed
  52 |     )
  53 |
> 54 |     const { data: { session } } = await supabase.auth.getSession()
     |                                   ^^^^^
  55 |     if (!session) {
  56 |       const url = request.nextUrl.clone()
  57 |       url.pathname = '/login'

await isn't allowed in non-async function @ http://localhost:3000/_next/static/chunks/node_modules_next_dist_b3fb3b5f._.js:1920
[ 1896657ms] [ERROR] ./src/middleware.ts:54:35
Parsing ecmascript source code failed
  52 |     )
  53 |
> 54 |     const { data: { session } } = await supabase.auth.getSession()
     |                                   ^^^^^
  55 |     if (!session) {
  56 |       const url = request.nextUrl.clone()
  57 |       url.pathname = '/login'

await isn't allowed in non-async function @ http://localhost:3000/_next/static/chunks/node_modules_next_dist_b3fb3b5f._.js:1920
[ 1902175ms] [ERROR] ./src/middleware.ts:54:35
Parsing ecmascript source code failed
  52 |     )
  53 |
> 54 |     const { data: { session } } = await supabase.auth.getSession()
     |                                   ^^^^^
  55 |     if (!session) {
  56 |       const url = request.nextUrl.clone()
  57 |       url.pathname = '/login'

await isn't allowed in non-async function @ http://localhost:3000/_next/static/chunks/node_modules_next_dist_b3fb3b5f._.js:1920
[ 1906794ms] [ERROR] ./src/middleware.ts:54:35
Parsing ecmascript source code failed
  52 |     )
  53 |
> 54 |     const { data: { session } } = await supabase.auth.getSession()
     |                                   ^^^^^
  55 |     if (!session) {
  56 |       const url = request.nextUrl.clone()
  57 |       url.pathname = '/login'

await isn't allowed in non-async function @ http://localhost:3000/_next/static/chunks/node_modules_next_dist_b3fb3b5f._.js:1920
[ 1917995ms] [ERROR] ./src/middleware.ts:54:35
Parsing ecmascript source code failed
  52 |     )
  53 |
> 54 |     const { data: { session } } = await supabase.auth.getSession()
     |                                   ^^^^^
  55 |     if (!session) {
  56 |       const url = request.nextUrl.clone()
  57 |       url.pathname = '/login'

await isn't allowed in non-async function @ http://localhost:3000/_next/static/chunks/node_modules_next_dist_b3fb3b5f._.js:1920
[ 1928234ms] [ERROR] ./src/middleware.ts:54:35
Parsing ecmascript source code failed
  52 |     )
  53 |
> 54 |     const { data: { session } } = await supabase.auth.getSession()
     |                                   ^^^^^
  55 |     if (!session) {
  56 |       const url = request.nextUrl.clone()
  57 |       url.pathname = '/login'

await isn't allowed in non-async function @ http://localhost:3000/_next/static/chunks/node_modules_next_dist_b3fb3b5f._.js:1920
[ 1928353ms] [ERROR] ./src/middleware.ts:54:35
Parsing ecmascript source code failed
  52 |     )
  53 |
> 54 |     const { data: { session } } = await supabase.auth.getSession()
     |                                   ^^^^^
  55 |     if (!session) {
  56 |       const url = request.nextUrl.clone()
  57 |       url.pathname = '/login'

await isn't allowed in non-async function @ http://localhost:3000/_next/static/chunks/node_modules_next_dist_b3fb3b5f._.js:1920
[ 1929003ms] [ERROR] ./src/middleware.ts:54:35
Parsing ecmascript source code failed
  52 |     )
  53 |
> 54 |     const { data: { session } } = await supabase.auth.getSession()
     |                                   ^^^^^
  55 |     if (!session) {
  56 |       const url = request.nextUrl.clone()
  57 |       url.pathname = '/login'

await isn't allowed in non-async function @ http://localhost:3000/_next/static/chunks/node_modules_next_dist_b3fb3b5f._.js:1920
[ 1929029ms] [ERROR] ./src/middleware.ts:54:35
Parsing ecmascript source code failed
  52 |     )
  53 |
> 54 |     const { data: { session } } = await supabase.auth.getSession()
     |                                   ^^^^^
  55 |     if (!session) {
  56 |       const url = request.nextUrl.clone()
  57 |       url.pathname = '/login'

await isn't allowed in non-async function @ http://localhost:3000/_next/static/chunks/node_modules_next_dist_b3fb3b5f._.js:1920
[ 1929091ms] [ERROR] ./src/middleware.ts:54:35
Parsing ecmascript source code failed
  52 |     )
  53 |
> 54 |     const { data: { session } } = await supabase.auth.getSession()
     |                                   ^^^^^
  55 |     if (!session) {
  56 |       const url = request.nextUrl.clone()
  57 |       url.pathname = '/login'

await isn't allowed in non-async function @ http://localhost:3000/_next/static/chunks/node_modules_next_dist_b3fb3b5f._.js:1920
[ 1929305ms] [ERROR] ./src/middleware.ts:54:35
Parsing ecmascript source code failed
  52 |     )
  53 |
> 54 |     const { data: { session } } = await supabase.auth.getSession()
     |                                   ^^^^^
  55 |     if (!session) {
  56 |       const url = request.nextUrl.clone()
  57 |       url.pathname = '/login'

await isn't allowed in non-async function @ http://localhost:3000/_next/static/chunks/node_modules_next_dist_b3fb3b5f._.js:1920
[ 1930200ms] [ERROR] ./src/middleware.ts:54:35
Parsing ecmascript source code failed
  52 |     )
  53 |
> 54 |     const { data: { session } } = await supabase.auth.getSession()
     |                                   ^^^^^
  55 |     if (!session) {
  56 |       const url = request.nextUrl.clone()
  57 |       url.pathname = '/login'

await isn't allowed in non-async function @ http://localhost:3000/_next/static/chunks/node_modules_next_dist_b3fb3b5f._.js:1920
[ 1930258ms] [ERROR] ./src/middleware.ts:54:35
Parsing ecmascript source code failed
  52 |     )
  53 |
> 54 |     const { data: { session } } = await supabase.auth.getSession()
     |                                   ^^^^^
  55 |     if (!session) {
  56 |       const url = request.nextUrl.clone()
  57 |       url.pathname = '/login'

await isn't allowed in non-async function @ http://localhost:3000/_next/static/chunks/node_modules_next_dist_b3fb3b5f._.js:1920
[ 1930311ms] [ERROR] ./src/middleware.ts:54:35
Parsing ecmascript source code failed
  52 |     )
  53 |
> 54 |     const { data: { session } } = await supabase.auth.getSession()
     |                                   ^^^^^
  55 |     if (!session) {
  56 |       const url = request.nextUrl.clone()
  57 |       url.pathname = '/login'

await isn't allowed in non-async function @ http://localhost:3000/_next/static/chunks/node_modules_next_dist_b3fb3b5f._.js:1920
[ 1930372ms] [ERROR] ./src/middleware.ts:54:35
Parsing ecmascript source code failed
  52 |     )
  53 |
> 54 |     const { data: { session } } = await supabase.auth.getSession()
     |                                   ^^^^^
  55 |     if (!session) {
  56 |       const url = request.nextUrl.clone()
  57 |       url.pathname = '/login'

await isn't allowed in non-async function @ http://localhost:3000/_next/static/chunks/node_modules_next_dist_b3fb3b5f._.js:1920
[ 1930418ms] [ERROR] ./src/middleware.ts:54:35
Parsing ecmascript source code failed
  52 |     )
  53 |
> 54 |     const { data: { session } } = await supabase.auth.getSession()
     |                                   ^^^^^
  55 |     if (!session) {
  56 |       const url = request.nextUrl.clone()
  57 |       url.pathname = '/login'

await isn't allowed in non-async function @ http://localhost:3000/_next/static/chunks/node_modules_next_dist_b3fb3b5f._.js:1920
[ 1930467ms] [ERROR] ./src/middleware.ts:54:35
Parsing ecmascript source code failed
  52 |     )
  53 |
> 54 |     const { data: { session } } = await supabase.auth.getSession()
     |                                   ^^^^^
  55 |     if (!session) {
  56 |       const url = request.nextUrl.clone()
  57 |       url.pathname = '/login'

await isn't allowed in non-async function @ http://localhost:3000/_next/static/chunks/node_modules_next_dist_b3fb3b5f._.js:1920
[ 1930518ms] [ERROR] ./src/middleware.ts:54:35
Parsing ecmascript source code failed
  52 |     )
  53 |
> 54 |     const { data: { session } } = await supabase.auth.getSession()
     |                                   ^^^^^
  55 |     if (!session) {
  56 |       const url = request.nextUrl.clone()
  57 |       url.pathname = '/login'

await isn't allowed in non-async function @ http://localhost:3000/_next/static/chunks/node_modules_next_dist_b3fb3b5f._.js:1920
[ 1930564ms] [ERROR] ./src/middleware.ts:54:35
Parsing ecmascript source code failed
  52 |     )
  53 |
> 54 |     const { data: { session } } = await supabase.auth.getSession()
     |                                   ^^^^^
  55 |     if (!session) {
  56 |       const url = request.nextUrl.clone()
  57 |       url.pathname = '/login'

await isn't allowed in non-async function @ http://localhost:3000/_next/static/chunks/node_modules_next_dist_b3fb3b5f._.js:1920
[ 1930612ms] [ERROR] ./src/middleware.ts:54:35
Parsing ecmascript source code failed
  52 |     )
  53 |
> 54 |     const { data: { session } } = await supabase.auth.getSession()
     |                                   ^^^^^
  55 |     if (!session) {
  56 |       const url = request.nextUrl.clone()
  57 |       url.pathname = '/login'

await isn't allowed in non-async function @ http://localhost:3000/_next/static/chunks/node_modules_next_dist_b3fb3b5f._.js:1920
[ 1930663ms] [ERROR] ./src/middleware.ts:54:35
Parsing ecmascript source code failed
  52 |     )
  53 |
> 54 |     const { data: { session } } = await supabase.auth.getSession()
     |                                   ^^^^^
  55 |     if (!session) {
  56 |       const url = request.nextUrl.clone()
  57 |       url.pathname = '/login'

await isn't allowed in non-async function @ http://localhost:3000/_next/static/chunks/node_modules_next_dist_b3fb3b5f._.js:1920
[ 1930717ms] [ERROR] ./src/middleware.ts:54:35
Parsing ecmascript source code failed
  52 |     )
  53 |
> 54 |     const { data: { session } } = await supabase.auth.getSession()
     |                                   ^^^^^
  55 |     if (!session) {
  56 |       const url = request.nextUrl.clone()
  57 |       url.pathname = '/login'

await isn't allowed in non-async function @ http://localhost:3000/_next/static/chunks/node_modules_next_dist_b3fb3b5f._.js:1920
[ 1930762ms] [ERROR] ./src/middleware.ts:54:35
Parsing ecmascript source code failed
  52 |     )
  53 |
> 54 |     const { data: { session } } = await supabase.auth.getSession()
     |                                   ^^^^^
  55 |     if (!session) {
  56 |       const url = request.nextUrl.clone()
  57 |       url.pathname = '/login'

await isn't allowed in non-async function @ http://localhost:3000/_next/static/chunks/node_modules_next_dist_b3fb3b5f._.js:1920
[ 1930810ms] [ERROR] ./src/middleware.ts:54:35
Parsing ecmascript source code failed
  52 |     )
  53 |
> 54 |     const { data: { session } } = await supabase.auth.getSession()
     |                                   ^^^^^
  55 |     if (!session) {
  56 |       const url = request.nextUrl.clone()
  57 |       url.pathname = '/login'

await isn't allowed in non-async function @ http://localhost:3000/_next/static/chunks/node_modules_next_dist_b3fb3b5f._.js:1920
[ 1930859ms] [ERROR] ./src/middleware.ts:54:35
Parsing ecmascript source code failed
  52 |     )
  53 |
> 54 |     const { data: { session } } = await supabase.auth.getSession()
     |                                   ^^^^^
  55 |     if (!session) {
  56 |       const url = request.nextUrl.clone()
  57 |       url.pathname = '/login'

await isn't allowed in non-async function @ http://localhost:3000/_next/static/chunks/node_modules_next_dist_b3fb3b5f._.js:1920
[ 1930906ms] [ERROR] ./src/middleware.ts:54:35
Parsing ecmascript source code failed
  52 |     )
  53 |
> 54 |     const { data: { session } } = await supabase.auth.getSession()
     |                                   ^^^^^
  55 |     if (!session) {
  56 |       const url = request.nextUrl.clone()
  57 |       url.pathname = '/login'

await isn't allowed in non-async function @ http://localhost:3000/_next/static/chunks/node_modules_next_dist_b3fb3b5f._.js:1920
[ 1930954ms] [ERROR] ./src/middleware.ts:54:35
Parsing ecmascript source code failed
  52 |     )
  53 |
> 54 |     const { data: { session } } = await supabase.auth.getSession()
     |                                   ^^^^^
  55 |     if (!session) {
  56 |       const url = request.nextUrl.clone()
  57 |       url.pathname = '/login'

await isn't allowed in non-async function @ http://localhost:3000/_next/static/chunks/node_modules_next_dist_b3fb3b5f._.js:1920
[ 1931003ms] [ERROR] ./src/middleware.ts:54:35
Parsing ecmascript source code failed
  52 |     )
  53 |
> 54 |     const { data: { session } } = await supabase.auth.getSession()
     |                                   ^^^^^
  55 |     if (!session) {
  56 |       const url = request.nextUrl.clone()
  57 |       url.pathname = '/login'

await isn't allowed in non-async function @ http://localhost:3000/_next/static/chunks/node_modules_next_dist_b3fb3b5f._.js:1920
[ 1931097ms] [ERROR] ./src/middleware.ts:54:35
Parsing ecmascript source code failed
  52 |     )
  53 |
> 54 |     const { data: { session } } = await supabase.auth.getSession()
     |                                   ^^^^^
  55 |     if (!session) {
  56 |       const url = request.nextUrl.clone()
  57 |       url.pathname = '/login'

await isn't allowed in non-async function @ http://localhost:3000/_next/static/chunks/node_modules_next_dist_b3fb3b5f._.js:1920
[ 1931144ms] [ERROR] ./src/middleware.ts:54:35
Parsing ecmascript source code failed
  52 |     )
  53 |
> 54 |     const { data: { session } } = await supabase.auth.getSession()
     |                                   ^^^^^
  55 |     if (!session) {
  56 |       const url = request.nextUrl.clone()
  57 |       url.pathname = '/login'

await isn't allowed in non-async function @ http://localhost:3000/_next/static/chunks/node_modules_next_dist_b3fb3b5f._.js:1920
[ 1931191ms] [ERROR] ./src/middleware.ts:54:35
Parsing ecmascript source code failed
  52 |     )
  53 |
> 54 |     const { data: { session } } = await supabase.auth.getSession()
     |                                   ^^^^^
  55 |     if (!session) {
  56 |       const url = request.nextUrl.clone()
  57 |       url.pathname = '/login'

await isn't allowed in non-async function @ http://localhost:3000/_next/static/chunks/node_modules_next_dist_b3fb3b5f._.js:1920
[ 1931241ms] [ERROR] ./src/middleware.ts:54:35
Parsing ecmascript source code failed
  52 |     )
  53 |
> 54 |     const { data: { session } } = await supabase.auth.getSession()
     |                                   ^^^^^
  55 |     if (!session) {
  56 |       const url = request.nextUrl.clone()
  57 |       url.pathname = '/login'

await isn't allowed in non-async function @ http://localhost:3000/_next/static/chunks/node_modules_next_dist_b3fb3b5f._.js:1920
[ 1931291ms] [ERROR] ./src/middleware.ts:54:35
Parsing ecmascript source code failed
  52 |     )
  53 |
> 54 |     const { data: { session } } = await supabase.auth.getSession()
     |                                   ^^^^^
  55 |     if (!session) {
  56 |       const url = request.nextUrl.clone()
  57 |       url.pathname = '/login'

await isn't allowed in non-async function @ http://localhost:3000/_next/static/chunks/node_modules_next_dist_b3fb3b5f._.js:1920
[ 1931341ms] [ERROR] ./src/middleware.ts:54:35
Parsing ecmascript source code failed
  52 |     )
  53 |
> 54 |     const { data: { session } } = await supabase.auth.getSession()
     |                                   ^^^^^
  55 |     if (!session) {
  56 |       const url = request.nextUrl.clone()
  57 |       url.pathname = '/login'

await isn't allowed in non-async function @ http://localhost:3000/_next/static/chunks/node_modules_next_dist_b3fb3b5f._.js:1920
[ 1931440ms] [ERROR] ./src/middleware.ts:54:35
Parsing ecmascript source code failed
  52 |     )
  53 |
> 54 |     const { data: { session } } = await supabase.auth.getSession()
     |                                   ^^^^^
  55 |     if (!session) {
  56 |       const url = request.nextUrl.clone()
  57 |       url.pathname = '/login'

await isn't allowed in non-async function @ http://localhost:3000/_next/static/chunks/node_modules_next_dist_b3fb3b5f._.js:1920
[ 1931494ms] [ERROR] ./src/middleware.ts:54:35
Parsing ecmascript source code failed
  52 |     )
  53 |
> 54 |     const { data: { session } } = await supabase.auth.getSession()
     |                                   ^^^^^
  55 |     if (!session) {
  56 |       const url = request.nextUrl.clone()
  57 |       url.pathname = '/login'

await isn't allowed in non-async function @ http://localhost:3000/_next/static/chunks/node_modules_next_dist_b3fb3b5f._.js:1920
[ 1931543ms] [ERROR] ./src/middleware.ts:54:35
Parsing ecmascript source code failed
  52 |     )
  53 |
> 54 |     const { data: { session } } = await supabase.auth.getSession()
     |                                   ^^^^^
  55 |     if (!session) {
  56 |       const url = request.nextUrl.clone()
  57 |       url.pathname = '/login'

await isn't allowed in non-async function @ http://localhost:3000/_next/static/chunks/node_modules_next_dist_b3fb3b5f._.js:1920
[ 1931593ms] [ERROR] ./src/middleware.ts:54:35
Parsing ecmascript source code failed
  52 |     )
  53 |
> 54 |     const { data: { session } } = await supabase.auth.getSession()
     |                                   ^^^^^
  55 |     if (!session) {
  56 |       const url = request.nextUrl.clone()
  57 |       url.pathname = '/login'

await isn't allowed in non-async function @ http://localhost:3000/_next/static/chunks/node_modules_next_dist_b3fb3b5f._.js:1920
[ 1931644ms] [ERROR] ./src/middleware.ts:54:35
Parsing ecmascript source code failed
  52 |     )
  53 |
> 54 |     const { data: { session } } = await supabase.auth.getSession()
     |                                   ^^^^^
  55 |     if (!session) {
  56 |       const url = request.nextUrl.clone()
  57 |       url.pathname = '/login'

await isn't allowed in non-async function @ http://localhost:3000/_next/static/chunks/node_modules_next_dist_b3fb3b5f._.js:1920
[ 1931695ms] [ERROR] ./src/middleware.ts:54:35
Parsing ecmascript source code failed
  52 |     )
  53 |
> 54 |     const { data: { session } } = await supabase.auth.getSession()
     |                                   ^^^^^
  55 |     if (!session) {
  56 |       const url = request.nextUrl.clone()
  57 |       url.pathname = '/login'

await isn't allowed in non-async function @ http://localhost:3000/_next/static/chunks/node_modules_next_dist_b3fb3b5f._.js:1920
[ 1931750ms] [ERROR] ./src/middleware.ts:54:35
Parsing ecmascript source code failed
  52 |     )
  53 |
> 54 |     const { data: { session } } = await supabase.auth.getSession()
     |                                   ^^^^^
  55 |     if (!session) {
  56 |       const url = request.nextUrl.clone()
  57 |       url.pathname = '/login'

await isn't allowed in non-async function @ http://localhost:3000/_next/static/chunks/node_modules_next_dist_b3fb3b5f._.js:1920
[ 1931795ms] [ERROR] ./src/middleware.ts:54:35
Parsing ecmascript source code failed
  52 |     )
  53 |
> 54 |     const { data: { session } } = await supabase.auth.getSession()
     |                                   ^^^^^
  55 |     if (!session) {
  56 |       const url = request.nextUrl.clone()
  57 |       url.pathname = '/login'

await isn't allowed in non-async function @ http://localhost:3000/_next/static/chunks/node_modules_next_dist_b3fb3b5f._.js:1920
[ 1931843ms] [ERROR] ./src/middleware.ts:54:35
Parsing ecmascript source code failed
  52 |     )
  53 |
> 54 |     const { data: { session } } = await supabase.auth.getSession()
     |                                   ^^^^^
  55 |     if (!session) {
  56 |       const url = request.nextUrl.clone()
  57 |       url.pathname = '/login'

await isn't allowed in non-async function @ http://localhost:3000/_next/static/chunks/node_modules_next_dist_b3fb3b5f._.js:1920
[ 1931894ms] [ERROR] ./src/middleware.ts:54:35
Parsing ecmascript source code failed
  52 |     )
  53 |
> 54 |     const { data: { session } } = await supabase.auth.getSession()
     |                                   ^^^^^
  55 |     if (!session) {
  56 |       const url = request.nextUrl.clone()
  57 |       url.pathname = '/login'

await isn't allowed in non-async function @ http://localhost:3000/_next/static/chunks/node_modules_next_dist_b3fb3b5f._.js:1920
[ 1931945ms] [ERROR] ./src/middleware.ts:54:35
Parsing ecmascript source code failed
  52 |     )
  53 |
> 54 |     const { data: { session } } = await supabase.auth.getSession()
     |                                   ^^^^^
  55 |     if (!session) {
  56 |       const url = request.nextUrl.clone()
  57 |       url.pathname = '/login'

await isn't allowed in non-async function @ http://localhost:3000/_next/static/chunks/node_modules_next_dist_b3fb3b5f._.js:1920
[ 1931994ms] [ERROR] ./src/middleware.ts:54:35
Parsing ecmascript source code failed
  52 |     )
  53 |
> 54 |     const { data: { session } } = await supabase.auth.getSession()
     |                                   ^^^^^
  55 |     if (!session) {
  56 |       const url = request.nextUrl.clone()
  57 |       url.pathname = '/login'

await isn't allowed in non-async function @ http://localhost:3000/_next/static/chunks/node_modules_next_dist_b3fb3b5f._.js:1920
[ 1932047ms] [ERROR] ./src/middleware.ts:54:35
Parsing ecmascript source code failed
  52 |     )
  53 |
> 54 |     const { data: { session } } = await supabase.auth.getSession()
     |                                   ^^^^^
  55 |     if (!session) {
  56 |       const url = request.nextUrl.clone()
  57 |       url.pathname = '/login'

await isn't allowed in non-async function @ http://localhost:3000/_next/static/chunks/node_modules_next_dist_b3fb3b5f._.js:1920
[ 1932105ms] [ERROR] ./src/middleware.ts:54:35
Parsing ecmascript source code failed
  52 |     )
  53 |
> 54 |     const { data: { session } } = await supabase.auth.getSession()
     |                                   ^^^^^
  55 |     if (!session) {
  56 |       const url = request.nextUrl.clone()
  57 |       url.pathname = '/login'

await isn't allowed in non-async function @ http://localhost:3000/_next/static/chunks/node_modules_next_dist_b3fb3b5f._.js:1920
[ 1932151ms] [ERROR] ./src/middleware.ts:54:35
Parsing ecmascript source code failed
  52 |     )
  53 |
> 54 |     const { data: { session } } = await supabase.auth.getSession()
     |                                   ^^^^^
  55 |     if (!session) {
  56 |       const url = request.nextUrl.clone()
  57 |       url.pathname = '/login'

await isn't allowed in non-async function @ http://localhost:3000/_next/static/chunks/node_modules_next_dist_b3fb3b5f._.js:1920
[ 1932200ms] [ERROR] ./src/middleware.ts:54:35
Parsing ecmascript source code failed
  52 |     )
  53 |
> 54 |     const { data: { session } } = await supabase.auth.getSession()
     |                                   ^^^^^
  55 |     if (!session) {
  56 |       const url = request.nextUrl.clone()
  57 |       url.pathname = '/login'

await isn't allowed in non-async function @ http://localhost:3000/_next/static/chunks/node_modules_next_dist_b3fb3b5f._.js:1920
[ 1932251ms] [ERROR] ./src/middleware.ts:54:35
Parsing ecmascript source code failed
  52 |     )
  53 |
> 54 |     const { data: { session } } = await supabase.auth.getSession()
     |                                   ^^^^^
  55 |     if (!session) {
  56 |       const url = request.nextUrl.clone()
  57 |       url.pathname = '/login'

await isn't allowed in non-async function @ http://localhost:3000/_next/static/chunks/node_modules_next_dist_b3fb3b5f._.js:1920
[ 1932301ms] [ERROR] ./src/middleware.ts:54:35
Parsing ecmascript source code failed
  52 |     )
  53 |
> 54 |     const { data: { session } } = await supabase.auth.getSession()
     |                                   ^^^^^
  55 |     if (!session) {
  56 |       const url = request.nextUrl.clone()
  57 |       url.pathname = '/login'

await isn't allowed in non-async function @ http://localhost:3000/_next/static/chunks/node_modules_next_dist_b3fb3b5f._.js:1920
[ 1932354ms] [ERROR] ./src/middleware.ts:54:35
Parsing ecmascript source code failed
  52 |     )
  53 |
> 54 |     const { data: { session } } = await supabase.auth.getSession()
     |                                   ^^^^^
  55 |     if (!session) {
  56 |       const url = request.nextUrl.clone()
  57 |       url.pathname = '/login'

await isn't allowed in non-async function @ http://localhost:3000/_next/static/chunks/node_modules_next_dist_b3fb3b5f._.js:1920
[ 1932406ms] [ERROR] ./src/middleware.ts:54:35
Parsing ecmascript source code failed
  52 |     )
  53 |
> 54 |     const { data: { session } } = await supabase.auth.getSession()
     |                                   ^^^^^
  55 |     if (!session) {
  56 |       const url = request.nextUrl.clone()
  57 |       url.pathname = '/login'

await isn't allowed in non-async function @ http://localhost:3000/_next/static/chunks/node_modules_next_dist_b3fb3b5f._.js:1920
[ 1932466ms] [ERROR] ./src/middleware.ts:54:35
Parsing ecmascript source code failed
  52 |     )
  53 |
> 54 |     const { data: { session } } = await supabase.auth.getSession()
     |                                   ^^^^^
  55 |     if (!session) {
  56 |       const url = request.nextUrl.clone()
  57 |       url.pathname = '/login'

await isn't allowed in non-async function @ http://localhost:3000/_next/static/chunks/node_modules_next_dist_b3fb3b5f._.js:1920
[ 1932513ms] [ERROR] ./src/middleware.ts:54:35
Parsing ecmascript source code failed
  52 |     )
  53 |
> 54 |     const { data: { session } } = await supabase.auth.getSession()
     |                                   ^^^^^
  55 |     if (!session) {
  56 |       const url = request.nextUrl.clone()
  57 |       url.pathname = '/login'

await isn't allowed in non-async function @ http://localhost:3000/_next/static/chunks/node_modules_next_dist_b3fb3b5f._.js:1920
[ 1932563ms] [ERROR] ./src/middleware.ts:54:35
Parsing ecmascript source code failed
  52 |     )
  53 |
> 54 |     const { data: { session } } = await supabase.auth.getSession()
     |                                   ^^^^^
  55 |     if (!session) {
  56 |       const url = request.nextUrl.clone()
  57 |       url.pathname = '/login'

await isn't allowed in non-async function @ http://localhost:3000/_next/static/chunks/node_modules_next_dist_b3fb3b5f._.js:1920
[ 1932608ms] [ERROR] ./src/middleware.ts:54:35
Parsing ecmascript source code failed
  52 |     )
  53 |
> 54 |     const { data: { session } } = await supabase.auth.getSession()
     |                                   ^^^^^
  55 |     if (!session) {
  56 |       const url = request.nextUrl.clone()
  57 |       url.pathname = '/login'

await isn't allowed in non-async function @ http://localhost:3000/_next/static/chunks/node_modules_next_dist_b3fb3b5f._.js:1920
[ 1932659ms] [ERROR] ./src/middleware.ts:54:35
Parsing ecmascript source code failed
  52 |     )
  53 |
> 54 |     const { data: { session } } = await supabase.auth.getSession()
     |                                   ^^^^^
  55 |     if (!session) {
  56 |       const url = request.nextUrl.clone()
  57 |       url.pathname = '/login'

await isn't allowed in non-async function @ http://localhost:3000/_next/static/chunks/node_modules_next_dist_b3fb3b5f._.js:1920
[ 1932715ms] [ERROR] ./src/middleware.ts:54:35
Parsing ecmascript source code failed
  52 |     )
  53 |
> 54 |     const { data: { session } } = await supabase.auth.getSession()
     |                                   ^^^^^
  55 |     if (!session) {
  56 |       const url = request.nextUrl.clone()
  57 |       url.pathname = '/login'

await isn't allowed in non-async function @ http://localhost:3000/_next/static/chunks/node_modules_next_dist_b3fb3b5f._.js:1920
[ 1932770ms] [ERROR] ./src/middleware.ts:54:35
Parsing ecmascript source code failed
  52 |     )
  53 |
> 54 |     const { data: { session } } = await supabase.auth.getSession()
     |                                   ^^^^^
  55 |     if (!session) {
  56 |       const url = request.nextUrl.clone()
  57 |       url.pathname = '/login'

await isn't allowed in non-async function @ http://localhost:3000/_next/static/chunks/node_modules_next_dist_b3fb3b5f._.js:1920
[ 1932875ms] [ERROR] ./src/middleware.ts:54:35
Parsing ecmascript source code failed
  52 |     )
  53 |
> 54 |     const { data: { session } } = await supabase.auth.getSession()
     |                                   ^^^^^
  55 |     if (!session) {
  56 |       const url = request.nextUrl.clone()
  57 |       url.pathname = '/login'

await isn't allowed in non-async function @ http://localhost:3000/_next/static/chunks/node_modules_next_dist_b3fb3b5f._.js:1920
[ 1932926ms] [ERROR] ./src/middleware.ts:54:35
Parsing ecmascript source code failed
  52 |     )
  53 |
> 54 |     const { data: { session } } = await supabase.auth.getSession()
     |                                   ^^^^^
  55 |     if (!session) {
  56 |       const url = request.nextUrl.clone()
  57 |       url.pathname = '/login'

await isn't allowed in non-async function @ http://localhost:3000/_next/static/chunks/node_modules_next_dist_b3fb3b5f._.js:1920
[ 1932975ms] [ERROR] ./src/middleware.ts:54:35
Parsing ecmascript source code failed
  52 |     )
  53 |
> 54 |     const { data: { session } } = await supabase.auth.getSession()
     |                                   ^^^^^
  55 |     if (!session) {
  56 |       const url = request.nextUrl.clone()
  57 |       url.pathname = '/login'

await isn't allowed in non-async function @ http://localhost:3000/_next/static/chunks/node_modules_next_dist_b3fb3b5f._.js:1920
[ 1933027ms] [ERROR] ./src/middleware.ts:54:35
Parsing ecmascript source code failed
  52 |     )
  53 |
> 54 |     const { data: { session } } = await supabase.auth.getSession()
     |                                   ^^^^^
  55 |     if (!session) {
  56 |       const url = request.nextUrl.clone()
  57 |       url.pathname = '/login'

await isn't allowed in non-async function @ http://localhost:3000/_next/static/chunks/node_modules_next_dist_b3fb3b5f._.js:1920
[ 1933075ms] [ERROR] ./src/middleware.ts:54:35
Parsing ecmascript source code failed
  52 |     )
  53 |
> 54 |     const { data: { session } } = await supabase.auth.getSession()
     |                                   ^^^^^
  55 |     if (!session) {
  56 |       const url = request.nextUrl.clone()
  57 |       url.pathname = '/login'

await isn't allowed in non-async function @ http://localhost:3000/_next/static/chunks/node_modules_next_dist_b3fb3b5f._.js:1920
[ 1933108ms] [ERROR] Failed to load resource: the server responded with a status of 500 (Internal Server Error) @ http://localhost:3000/signup:0
[ 1933375ms] Error: ./src/middleware.ts:54:35
Parsing ecmascript source code failed
  52 |     )
  53 |
> 54 |     const { data: { session } } = await supabase.auth.getSession()
     |                                   ^^^^^
  55 |     if (!session) {
  56 |       const url = request.nextUrl.clone()
  57 |       url.pathname = '/login'

await isn't allowed in non-async function


    at <unknown> (Error: ./src/middleware.ts:54:35)
    at Object.getCompilationErrors (file:///Users/julian/Documents/sona/node_modules/next/dist/server/dev/hot-reloader-turbopack.js:997:55)
    at DevBundlerService.getCompilationError (file:///Users/julian/Documents/sona/node_modules/next/dist/server/lib/dev-bundler-service.js:44:55)
    at DevServer.getCompilationError (file:///Users/julian/Documents/sona/node_modules/next/dist/server/dev/next-dev-server.js:706:42)
    at DevServer.findPageComponents (file:///Users/julian/Documents/sona/node_modules/next/dist/server/dev/next-dev-server.js:676:43)
    at async DevServer.renderErrorToResponseImpl (file:///Users/julian/Documents/sona/node_modules/next/dist/server/base-server.js:1733:26)
[ 1933385ms] [ERROR] Failed to load resource: the server responded with a status of 500 (Internal Server Error) @ http://localhost:3000/favicon.ico:0
[ 1933386ms] [ERROR] ./src/middleware.ts:54:35
Parsing ecmascript source code failed
  52 |     )
  53 |
> 54 |     const { data: { session } } = await supabase.auth.getSession()
     |                                   ^^^^^
  55 |     if (!session) {
  56 |       const url = request.nextUrl.clone()
  57 |       url.pathname = '/login'

await isn't allowed in non-async function @ http://localhost:3000/_next/static/chunks/node_modules_next_dist_b3fb3b5f._.js:1920
[ 1933416ms] [ERROR] ./src/middleware.ts:54:35
Parsing ecmascript source code failed
  52 |     )
  53 |
> 54 |     const { data: { session } } = await supabase.auth.getSession()
     |                                   ^^^^^
  55 |     if (!session) {
  56 |       const url = request.nextUrl.clone()
  57 |       url.pathname = '/login'

await isn't allowed in non-async function @ http://localhost:3000/_next/static/chunks/node_modules_next_dist_b3fb3b5f._.js:1920
[ 1945826ms] [WARNING] Image with src "http://localhost:3000/brand_assets/sona/Sona%20brand%20on%20white%20bg%201.svg" has either width or height modified, but not the other. If you use CSS to change the size of your image, also include the styles 'width: "auto"' or 'height: "auto"' to maintain the aspect ratio. @ http://localhost:3000/_next/static/chunks/node_modules_next_dist_f3530cac._.js:2297
