[  477283ms] ReferenceError: createAdminClient is not defined
    at SonaPage (about://React/Server/file:///Users/julian/Documents/sona/.next/dev/server/chunks/ssr/%5Broot-of-the-server%5D__bdc4aa7c._.js?30:145:19)
    at resolveErrorDev (http://localhost:3000/_next/static/chunks/node_modules_next_dist_compiled_react-server-dom-turbopack_9212ccad._.js:1894:148)
    at processFullStringRow (http://localhost:3000/_next/static/chunks/node_modules_next_dist_compiled_react-server-dom-turbopack_9212ccad._.js:2402:29)
    at processFullBinaryRow (http://localhost:3000/_next/static/chunks/node_modules_next_dist_compiled_react-server-dom-turbopack_9212ccad._.js:2361:9)
    at processBinaryChunk (http://localhost:3000/_next/static/chunks/node_modules_next_dist_compiled_react-server-dom-turbopack_9212ccad._.js:2470:221)
    at progress (http://localhost:3000/_next/static/chunks/node_modules_next_dist_compiled_react-server-dom-turbopack_9212ccad._.js:2640:13)
[  485653ms] [ERROR] Failed to load resource: the server responded with a status of 500 (Internal Server Error) @ http://localhost:3000/sona/ada-lovelace:0
[  485875ms] ReferenceError: admin is not defined
    at SonaPage (about://React/Server/file:///Users/julian/Documents/sona/.next/dev/server/chunks/ssr/%5Broot-of-the-server%5D__bdc4aa7c._.js?10:156:29)
    at resolveErrorDev (http://localhost:3000/_next/static/chunks/node_modules_next_dist_compiled_react-server-dom-turbopack_9212ccad._.js:1894:148)
    at processFullStringRow (http://localhost:3000/_next/static/chunks/node_modules_next_dist_compiled_react-server-dom-turbopack_9212ccad._.js:2402:29)
    at processFullBinaryRow (http://localhost:3000/_next/static/chunks/node_modules_next_dist_compiled_react-server-dom-turbopack_9212ccad._.js:2361:9)
    at processBinaryChunk (http://localhost:3000/_next/static/chunks/node_modules_next_dist_compiled_react-server-dom-turbopack_9212ccad._.js:2470:221)
    at progress (http://localhost:3000/_next/static/chunks/node_modules_next_dist_compiled_react-server-dom-turbopack_9212ccad._.js:2640:13)
[  488881ms] [WARNING] The resource http://localhost:3000/_next/static/media/8c2eb9ceedecfc8e-s.p.21935807.woff2 was preloaded using link preload but not used within a few seconds from the window's load event. Please make sure it has an appropriate `as` value and it is preloaded intentionally. @ http://localhost:3000/sona/ada-lovelace:0
[  488881ms] [WARNING] The resource http://localhost:3000/_next/static/chunks/%5Broot-of-the-server%5D__d40bb901._.css was preloaded using link preload but not used within a few seconds from the window's load event. Please make sure it has an appropriate `as` value and it is preloaded intentionally. @ http://localhost:3000/sona/ada-lovelace:0
[  488881ms] [WARNING] The resource http://localhost:3000/_next/static/media/5e5dfa9e86f764b8-s.p.da6e3317.woff2 was preloaded using link preload but not used within a few seconds from the window's load event. Please make sure it has an appropriate `as` value and it is preloaded intentionally. @ http://localhost:3000/sona/ada-lovelace:0
[  488881ms] [WARNING] The resource http://localhost:3000/_next/static/media/8bd76523131fa0fc-s.p.eb17b6b9.woff2 was preloaded using link preload but not used within a few seconds from the window's load event. Please make sure it has an appropriate `as` value and it is preloaded intentionally. @ http://localhost:3000/sona/ada-lovelace:0
[  488881ms] [WARNING] The resource http://localhost:3000/_next/static/media/01e4147cff8141ee-s.p.7787e134.woff2 was preloaded using link preload but not used within a few seconds from the window's load event. Please make sure it has an appropriate `as` value and it is preloaded intentionally. @ http://localhost:3000/sona/ada-lovelace:0
